Build started 11.02.2026 20:25:52.
Logging verbosity is set to: Normal.     1>Project "D:\Labs_4_sem\MP\Lab#2\Lab#2_Permutation\Lab#2_Permutation.vcxproj" on node 2 (Build target(s)).
     1>PrepareForBuild:
         Structured output is enabled. The formatting of compiler diagnostics will reflect the error hierarchy. See https://aka.ms/cpp/structured-output for more details.
       InitializeBuildStatus:
         Touching "x64\Debug\Lab#2_Pe.6b3f830e.tlog\unsuccessfulbuild".
       ClCompile:
         C:\Program Files\Microsoft Visual Studio\2022\Community\VC\Tools\MSVC\14.44.35207\bin\HostX64\x64\CL.exe /c /ZI /JMC /nologo /W3 /WX- /diagnostics:column /sdl /Od /D _DEBUG /D _CONSOLE /D _UNICODE /D UNICODE /Gm- /EHsc /RTC1 /MDd /GS /fp:precise /Zc:wchar_t /Zc:forScope /Zc:inline /permissive- /Fo"x64\Debug\\" /Fd"x64\Debug\vc143.pdb" /external:W3 /Gd /TP /FC /errorReport:prompt Permutation.cpp
         Permutation.cpp
       Link:
         C:\Program Files\Microsoft Visual Studio\2022\Community\VC\Tools\MSVC\14.44.35207\bin\HostX64\x64\link.exe /ERRORREPORT:PROMPT /OUT:"D:\Labs_4_sem\MP\Lab#2\x64\Debug\Lab#2_Permutation.exe" /INCREMENTAL /ILK:"x64\Debug\Lab#2_Permutation.ilk" /NOLOGO kernel32.lib user32.lib gdi32.lib winspool.lib comdlg32.lib advapi32.lib shell32.lib ole32.lib oleaut32.lib uuid.lib odbc32.lib odbccp32.lib /MANIFEST /MANIFESTUAC:"level='asInvoker' uiAccess='false'" /manifest:embed /DEBUG /PDB:"D:\Labs_4_sem\MP\Lab#2\x64\Debug\Lab#2_Permutation.pdb" /SUBSYSTEM:CONSOLE /TLBID:1 /DYNAMICBASE /NXCOMPAT /IMPLIB:"D:\Labs_4_sem\MP\Lab#2\x64\Debug\Lab#2_Permutation.lib" /MACHINE:X64 "x64\Debug\Lab#2_Permutation.obj"
         x64\Debug\Permutation.obj
         Lab#2_Permutation.vcxproj -> D:\Labs_4_sem\MP\Lab#2\x64\Debug\Lab#2_Permutation.exe
       TlogCleanup:
         Removing the following items from tlogs as they were removed from the project or build: D:\Labs_4_sem\MP\Lab#2\Lab#2_Permutation\x64\Debug\Combi.obj
       FinalizeBuildStatus:
         Deleting file "x64\Debug\Lab#2_Pe.6b3f830e.tlog\unsuccessfulbuild".
         Touching "x64\Debug\Lab#2_Pe.6b3f830e.tlog\Lab#2_Permutation.lastbuildstate".
     1>Done Building Project "D:\Labs_4_sem\MP\Lab#2\Lab#2_Permutation\Lab#2_Permutation.vcxproj" (Build target(s)).

Build succeeded.
    0 Warning(s)
    0 Error(s)

Time Elapsed 00:00:00.85
