Build started 18.02.2026 19:21:22.
Logging verbosity is set to: Normal.     1>Project "D:\Labs_4_sem\MP\Lab#2\Lab#2_accomodation\Lab#2_accomodation.vcxproj" on node 2 (Build target(s)).
     1>PrepareForBuild:
         Structured output is enabled. The formatting of compiler diagnostics will reflect the error hierarchy. See https://aka.ms/cpp/structured-output for more details.
       InitializeBuildStatus:
         Touching "x64\Debug\Lab#2_ac.a5f0c17b.tlog\unsuccessfulbuild".
       ClCompile:
         C:\Program Files\Microsoft Visual Studio\2022\Community\VC\Tools\MSVC\14.44.35207\bin\HostX64\x64\CL.exe /c /ZI /JMC /nologo /W3 /WX- /diagnostics:column /sdl /Od /D _DEBUG /D _CONSOLE /D _UNICODE /D UNICODE /Gm- /EHsc /RTC1 /MDd /GS /fp:precise /Zc:wchar_t /Zc:forScope /Zc:inline /permissive- /Fo"x64\Debug\\" /Fd"x64\Debug\vc143.pdb" /external:W3 /Gd /TP /FC /errorReport:prompt "..\Lab#2_Combination\Combination.cpp" Accomodation.cpp "Lab#2_accomodation.cpp"
         Combination.cpp
         Accomodation.cpp
         Lab#2_accomodation.cpp
         Generating Code...
       Link:
         C:\Program Files\Microsoft Visual Studio\2022\Community\VC\Tools\MSVC\14.44.35207\bin\HostX64\x64\link.exe /ERRORREPORT:PROMPT /OUT:"D:\Labs_4_sem\MP\Lab#2\x64\Debug\Lab#2_accomodation.exe" /INCREMENTAL /ILK:"x64\Debug\Lab#2_accomodation.ilk" /NOLOGO kernel32.lib user32.lib gdi32.lib winspool.lib comdlg32.lib advapi32.lib shell32.lib ole32.lib oleaut32.lib uuid.lib odbc32.lib odbccp32.lib /MANIFEST /MANIFESTUAC:"level='asInvoker' uiAccess='false'" /manifest:embed /DEBUG /PDB:"D:\Labs_4_sem\MP\Lab#2\x64\Debug\Lab#2_accomodation.pdb" /SUBSYSTEM:CONSOLE /TLBID:1 /DYNAMICBASE /NXCOMPAT /IMPLIB:"D:\Labs_4_sem\MP\Lab#2\x64\Debug\Lab#2_accomodation.lib" /MACHINE:X64 x64\Debug\Combination.obj
         x64\Debug\Permutation.obj
         x64\Debug\Accomodation.obj
         "x64\Debug\Lab#2_accomodation.obj"
     1>Permutation.obj : error LNK2005: "unsigned __int64 __cdecl combi::fact(unsigned __int64)" (?fact@combi@@YA_K_K@Z) already defined in Combination.obj
     1>D:\Labs_4_sem\MP\Lab#2\x64\Debug\Lab#2_accomodation.exe : fatal error LNK1169: one or more multiply defined symbols found
     1>Done Building Project "D:\Labs_4_sem\MP\Lab#2\Lab#2_accomodation\Lab#2_accomodation.vcxproj" (Build target(s)) -- FAILED.

Build FAILED.

       "D:\Labs_4_sem\MP\Lab#2\Lab#2_accomodation\Lab#2_accomodation.vcxproj" (Build target) (1) ->
       (Link target) -> 
         Permutation.obj : error LNK2005: "unsigned __int64 __cdecl combi::fact(unsigned __int64)" (?fact@combi@@YA_K_K@Z) already defined in Combination.obj
         D:\Labs_4_sem\MP\Lab#2\x64\Debug\Lab#2_accomodation.exe : fatal error LNK1169: one or more multiply defined symbols found

    0 Warning(s)
    2 Error(s)

Time Elapsed 00:00:01.35
