Build started 11.02.2026 19:46:59.
Logging verbosity is set to: Normal.     1>Project "D:\Labs_4_sem\MP\Lab#1\Lab#1.vcxproj" on node 2 (Build target(s)).
     1>PrepareForBuild:
         Structured output is enabled. The formatting of compiler diagnostics will reflect the error hierarchy. See https://aka.ms/cpp/structured-output for more details.
       InitializeBuildStatus:
         Creating "Lab#1\x64\Debug\Lab#1.tlog\unsuccessfulbuild" because "AlwaysCreate" was specified.
         Touching "Lab#1\x64\Debug\Lab#1.tlog\unsuccessfulbuild".
       ClCompile:
         C:\Program Files\Microsoft Visual Studio\2022\Community\VC\Tools\MSVC\14.44.35207\bin\HostX64\x64\CL.exe /c /ZI /JMC /nologo /W3 /WX- /diagnostics:column /sdl /Od /D _DEBUG /D _CONSOLE /D _UNICODE /D UNICODE /Gm- /EHsc /RTC1 /MDd /GS /fp:precise /Zc:wchar_t /Zc:forScope /Zc:inline /permissive- /Fo"Lab#1\x64\Debug\\" /Fd"Lab#1\x64\Debug\vc143.pdb" /external:W3 /Gd /TP /FC /errorReport:prompt Auxil.cpp
         Auxil.cpp
       Link:
         C:\Program Files\Microsoft Visual Studio\2022\Community\VC\Tools\MSVC\14.44.35207\bin\HostX64\x64\link.exe /ERRORREPORT:PROMPT /OUT:"D:\Labs_4_sem\MP\Lab#1\x64\Debug\Lab#1.exe" /INCREMENTAL /ILK:"Lab#1\x64\Debug\Lab#1.ilk" /NOLOGO kernel32.lib user32.lib gdi32.lib winspool.lib comdlg32.lib advapi32.lib shell32.lib ole32.lib oleaut32.lib uuid.lib odbc32.lib odbccp32.lib /MANIFEST /MANIFESTUAC:"level='asInvoker' uiAccess='false'" /manifest:embed /DEBUG /PDB:"D:\Labs_4_sem\MP\Lab#1\x64\Debug\Lab#1.pdb" /SUBSYSTEM:CONSOLE /TLBID:1 /DYNAMICBASE /NXCOMPAT /IMPLIB:"D:\Labs_4_sem\MP\Lab#1\x64\Debug\Lab#1.lib" /MACHINE:X64 "Lab#1\x64\Debug\Auxil.obj"
         "Lab#1\x64\Debug\Lab#1.obj"
         Lab#1.vcxproj -> D:\Labs_4_sem\MP\Lab#1\x64\Debug\Lab#1.exe
       FinalizeBuildStatus:
         Deleting file "Lab#1\x64\Debug\Lab#1.tlog\unsuccessfulbuild".
         Touching "Lab#1\x64\Debug\Lab#1.tlog\Lab#1.lastbuildstate".
     1>Done Building Project "D:\Labs_4_sem\MP\Lab#1\Lab#1.vcxproj" (Build target(s)).

Build succeeded.
    0 Warning(s)
    0 Error(s)

Time Elapsed 00:00:00.64
